Library/Bee/Android/Prj/Mono2x/Gradle/unityLibrary/build/intermediates/manifest_merge_blame_file/release/manifest-merger-blame-release-report.txt
1<?xml version="1.0" encoding="utf-8"?>
2<manifest xmlns:android="http://schemas.android.com/apk/res/android"
3    xmlns:tools="http://schemas.android.com/tools"
4    package="com.unity3d.player"
5    android:installLocation="auto"
6    android:versionCode="1"
7    android:versionName="0.1" >
8
9    <uses-sdk
10        android:minSdkVersion="23"
10-->src\main\AndroidManifest.xml
11        android:targetSdkVersion="30" />
11-->src\main\AndroidManifest.xml
12
13    <uses-feature android:glEsVersion="0x00030000" />
13-->src\main\AndroidManifest.xml:25:3-52
13-->src\main\AndroidManifest.xml:25:17-49
14    <uses-feature
14-->src\main\AndroidManifest.xml:26:3-91
15        android:name="android.hardware.vulkan.version"
15-->src\main\AndroidManifest.xml:26:17-63
16        android:required="false" />
16-->src\main\AndroidManifest.xml:26:64-88
17
18    <uses-permission android:name="android.permission.INTERNET" />
18-->src\main\AndroidManifest.xml:27:3-65
18-->src\main\AndroidManifest.xml:27:20-62
19    <uses-permission android:name="android.permission.ACCESS_NETWORK_STATE" />
19-->src\main\AndroidManifest.xml:28:3-77
19-->src\main\AndroidManifest.xml:28:20-74
20
21    <uses-feature
21-->src\main\AndroidManifest.xml:29:3-97
22        android:name="android.hardware.sensor.accelerometer"
22-->src\main\AndroidManifest.xml:29:17-69
23        android:required="false" />
23-->src\main\AndroidManifest.xml:29:70-94
24    <uses-feature
24-->src\main\AndroidManifest.xml:30:3-88
25        android:name="android.hardware.touchscreen"
25-->src\main\AndroidManifest.xml:30:17-60
26        android:required="false" />
26-->src\main\AndroidManifest.xml:30:61-85
27    <uses-feature
27-->src\main\AndroidManifest.xml:31:3-99
28        android:name="android.hardware.touchscreen.multitouch"
28-->src\main\AndroidManifest.xml:31:17-71
29        android:required="false" />
29-->src\main\AndroidManifest.xml:31:72-96
30    <uses-feature
30-->src\main\AndroidManifest.xml:32:3-108
31        android:name="android.hardware.touchscreen.multitouch.distinct"
31-->src\main\AndroidManifest.xml:32:17-80
32        android:required="false" />
32-->src\main\AndroidManifest.xml:32:81-105
33    <uses-feature
33-->src\main\AndroidManifest.xml:33:3-111
34        android:name="android.hardware.vr.headtracking"
34-->src\main\AndroidManifest.xml:33:17-64
35        android:required="true"
35-->src\main\AndroidManifest.xml:33:65-88
36        android:version="1" />
36-->src\main\AndroidManifest.xml:33:89-108
37
38    <application android:extractNativeLibs="true" >
38-->src\main\AndroidManifest.xml:3:3-24:17
38-->src\main\AndroidManifest.xml:3:16-48
39        <activity
39-->src\main\AndroidManifest.xml:4:5-13:16
40            android:name="com.unity3d.player.UnityPlayerActivity"
40-->src\main\AndroidManifest.xml:4:15-68
41            android:configChanges="keyboard|keyboardHidden|navigation|orientation|screenLayout|screenSize|uiMode"
41-->src\main\AndroidManifest.xml:4:204-305
42            android:hardwareAccelerated="false"
42-->src\main\AndroidManifest.xml:4:341-376
43            android:launchMode="singleTask"
43-->src\main\AndroidManifest.xml:4:172-203
44            android:resizeableActivity="false"
44-->src\main\AndroidManifest.xml:4:306-340
45            android:screenOrientation="landscape"
45-->src\main\AndroidManifest.xml:4:134-171
46            android:theme="@android:style/Theme.Black.NoTitleBar.Fullscreen" >
46-->src\main\AndroidManifest.xml:4:69-133
47            <intent-filter>
47-->src\main\AndroidManifest.xml:5:7-9:23
48                <action android:name="android.intent.action.MAIN" />
48-->src\main\AndroidManifest.xml:6:9-61
48-->src\main\AndroidManifest.xml:6:17-58
49
50                <category android:name="android.intent.category.LAUNCHER" />
50-->src\main\AndroidManifest.xml:7:9-69
50-->src\main\AndroidManifest.xml:7:19-66
51                <category android:name="com.oculus.intent.category.VR" />
51-->src\main\AndroidManifest.xml:8:9-66
51-->src\main\AndroidManifest.xml:8:19-63
52            </intent-filter>
53
54            <meta-data
54-->src\main\AndroidManifest.xml:10:7-82
55                android:name="unityplayer.UnityActivity"
55-->src\main\AndroidManifest.xml:10:18-58
56                android:value="true" />
56-->src\main\AndroidManifest.xml:10:59-79
57            <meta-data
57-->src\main\AndroidManifest.xml:11:7-78
58                android:name="android.notch_support"
58-->src\main\AndroidManifest.xml:11:18-54
59                android:value="true" />
59-->src\main\AndroidManifest.xml:11:55-75
60            <meta-data
60-->src\main\AndroidManifest.xml:12:7-81
61                android:name="com.oculus.vr.focusaware"
61-->src\main\AndroidManifest.xml:12:18-57
62                android:value="true" />
62-->src\main\AndroidManifest.xml:12:58-78
63        </activity>
64
65        <meta-data
65-->src\main\AndroidManifest.xml:14:5-69
66            android:name="unity.splash-mode"
66-->src\main\AndroidManifest.xml:14:16-48
67            android:value="0" />
67-->src\main\AndroidManifest.xml:14:49-66
68        <meta-data
68-->src\main\AndroidManifest.xml:15:5-74
69            android:name="unity.splash-enable"
69-->src\main\AndroidManifest.xml:15:16-50
70            android:value="True" />
70-->src\main\AndroidManifest.xml:15:51-71
71        <meta-data
71-->src\main\AndroidManifest.xml:16:5-78
72            android:name="unity.launch-fullscreen"
72-->src\main\AndroidManifest.xml:16:16-54
73            android:value="True" />
73-->src\main\AndroidManifest.xml:16:55-75
74        <meta-data
74-->src\main\AndroidManifest.xml:17:5-84
75            android:name="unity.allow-resizable-window"
75-->src\main\AndroidManifest.xml:17:16-59
76            android:value="False" />
76-->src\main\AndroidManifest.xml:17:60-81
77        <meta-data
77-->src\main\AndroidManifest.xml:18:5-81
78            android:name="notch.config"
78-->src\main\AndroidManifest.xml:18:16-43
79            android:value="portrait|landscape" />
79-->src\main\AndroidManifest.xml:18:44-78
80        <meta-data
80-->src\main\AndroidManifest.xml:19:5-97
81            android:name="com.samsung.android.vr.application.mode"
81-->src\main\AndroidManifest.xml:19:16-70
82            android:value="vr_only" />
82-->src\main\AndroidManifest.xml:19:71-94
83        <meta-data
83-->src\main\AndroidManifest.xml:20:5-91
84            android:name="com.unity.xr.oculus.LowOverheadMode"
84-->src\main\AndroidManifest.xml:20:16-66
85            android:value="false" />
85-->src\main\AndroidManifest.xml:20:67-88
86        <meta-data
86-->src\main\AndroidManifest.xml:21:5-88
87            android:name="com.unity.xr.oculus.LateLatching"
87-->src\main\AndroidManifest.xml:21:16-63
88            android:value="false" />
88-->src\main\AndroidManifest.xml:21:64-85
89        <meta-data
89-->src\main\AndroidManifest.xml:22:5-93
90            android:name="com.unity.xr.oculus.LateLatchingDebug"
90-->src\main\AndroidManifest.xml:22:16-68
91            android:value="false" />
91-->src\main\AndroidManifest.xml:22:69-90
92        <meta-data
92-->src\main\AndroidManifest.xml:23:5-90
93            android:name="com.oculus.supportedDevices"
93-->src\main\AndroidManifest.xml:23:16-58
94            android:value="quest|quest2" />
94-->src\main\AndroidManifest.xml:23:59-87
95    </application>
96
97</manifest>